toString(), AbstractCollection
add(), AbstractCollection
size(), AbstractCollection
toArray(), AbstractCollection
toArray(), AbstractCollection
contains(), AbstractCollection
clear(), AbstractCollection
remove(), AbstractCollection
isEmpty(), AbstractCollection
iterator(), AbstractCollection
containsAll(), AbstractCollection
removeAll(), AbstractCollection
addAll(), AbstractCollection
retainAll(), AbstractCollection
hashCode(), AbstractList
equals(), AbstractList
get(), AbstractList
set(), AbstractList
indexOf(), AbstractList
lastIndexOf(), AbstractList
add(), AbstractList
add(), AbstractList
clear(), AbstractList
remove(), AbstractList
iterator(), AbstractList
listIterator(), AbstractList
listIterator(), AbstractList
addAll(), AbstractList
removeRange(), AbstractList
subList(), AbstractList
hashCode(), AbstractMap
put(), AbstractMap
equals(), AbstractMap
toString(), AbstractMap
get(), AbstractMap
values(), AbstractMap
size(), AbstractMap
clear(), AbstractMap
remove(), AbstractMap
keySet(), AbstractMap
entrySet(), AbstractMap
putAll(), AbstractMap
isEmpty(), AbstractMap
containsValue(), AbstractMap
containsKey(), AbstractMap
get(), AbstractSequentialList
set(), AbstractSequentialList
add(), AbstractSequentialList
remove(), AbstractSequentialList
iterator(), AbstractSequentialList
listIterator(), AbstractSequentialList
addAll(), AbstractSequentialList
hashCode(), AbstractSet
equals(), AbstractSet
removeAll(), AbstractSet
clone(), ArrayList
get(), ArrayList
set(), ArrayList
indexOf(), ArrayList
lastIndexOf(), ArrayList
add(), ArrayList
add(), ArrayList
size(), ArrayList
toArray(), ArrayList
toArray(), ArrayList
contains(), ArrayList
clear(), ArrayList
remove(), ArrayList
isEmpty(), ArrayList
addAll(), ArrayList
addAll(), ArrayList
removeRange(), ArrayList
trimToSize(), ArrayList
ensureCapacity(), ArrayList
equals(), Arrays
equals(), Arrays
equals(), Arrays
equals(), Arrays
equals(), Arrays
equals(), Arrays
equals(), Arrays
equals(), Arrays
equals(), Arrays
sort(), Arrays
sort(), Arrays
sort(), Arrays
sort(), Arrays
sort(), Arrays
sort(), Arrays
sort(), Arrays
sort(), Arrays
sort(), Arrays
sort(), Arrays
sort(), Arrays
sort(), Arrays
sort(), Arrays
sort(), Arrays
sort(), Arrays
sort(), Arrays
sort(), Arrays
sort(), Arrays
binarySearch(), Arrays
binarySearch(), Arrays
binarySearch(), Arrays
binarySearch(), Arrays
binarySearch(), Arrays
binarySearch(), Arrays
binarySearch(), Arrays
binarySearch(), Arrays
binarySearch(), Arrays
fill(), Arrays
fill(), Arrays
fill(), Arrays
fill(), Arrays
fill(), Arrays
fill(), Arrays
fill(), Arrays
fill(), Arrays
fill(), Arrays
fill(), Arrays
fill(), Arrays
fill(), Arrays
fill(), Arrays
fill(), Arrays
fill(), Arrays
fill(), Arrays
fill(), Arrays
fill(), Arrays
asList(), Arrays
hashCode(), BitSet
equals(), BitSet
clone(), BitSet
toString(), BitSet
get(), BitSet
set(), BitSet
length(), BitSet
size(), BitSet
clear(), BitSet
andNot(), BitSet
and(), BitSet
or(), BitSet
xor(), BitSet
hashCode(), Collection
equals(), Collection
add(), Collection
size(), Collection
toArray(), Collection
toArray(), Collection
contains(), Collection
clear(), Collection
remove(), Collection
isEmpty(), Collection
iterator(), Collection
containsAll(), Collection
removeAll(), Collection
addAll(), Collection
retainAll(), Collection
min(), Collections
min(), Collections
max(), Collections
max(), Collections
synchronizedSet(), Collections
synchronizedCollection(), Collections
copy(), Collections
sort(), Collections
sort(), Collections
binarySearch(), Collections
binarySearch(), Collections
reverse(), Collections
shuffle(), Collections
shuffle(), Collections
fill(), Collections
unmodifiableCollection(), Collections
unmodifiableSet(), Collections
unmodifiableSortedSet(), Collections
unmodifiableList(), Collections
unmodifiableMap(), Collections
unmodifiableSortedMap(), Collections
synchronizedSortedSet(), Collections
synchronizedList(), Collections
synchronizedMap(), Collections
synchronizedSortedMap(), Collections
singleton(), Collections
singletonList(), Collections
singletonMap(), Collections
nCopies(), Collections
reverseOrder(), Collections
enumeration(), Collections
equals(), Comparator
compare(), Comparator
put(), Dictionary
get(), Dictionary
size(), Dictionary
remove(), Dictionary
keys(), Dictionary
isEmpty(), Dictionary
elements(), Dictionary
nextElement(), Enumeration
hasMoreElements(), Enumeration
put(), HashMap
clone(), HashMap
get(), HashMap
values(), HashMap
size(), HashMap
clear(), HashMap
remove(), HashMap
keySet(), HashMap
entrySet(), HashMap
putAll(), HashMap
isEmpty(), HashMap
containsValue(), HashMap
containsKey(), HashMap
clone(), HashSet
add(), HashSet
size(), HashSet
contains(), HashSet
clear(), HashSet
remove(), HashSet
isEmpty(), HashSet
iterator(), HashSet
hashCode(), Hashtable
put(), Hashtable
equals(), Hashtable
clone(), Hashtable
toString(), Hashtable
get(), Hashtable
values(), Hashtable
size(), Hashtable
contains(), Hashtable
clear(), Hashtable
remove(), Hashtable
keys(), Hashtable
keySet(), Hashtable
entrySet(), Hashtable
putAll(), Hashtable
isEmpty(), Hashtable
elements(), Hashtable
containsValue(), Hashtable
containsKey(), Hashtable
rehash(), Hashtable
next(), Iterator
remove(), Iterator
hasNext(), Iterator
clone(), LinkedList
get(), LinkedList
set(), LinkedList
indexOf(), LinkedList
lastIndexOf(), LinkedList
add(), LinkedList
add(), LinkedList
size(), LinkedList
toArray(), LinkedList
toArray(), LinkedList
contains(), LinkedList
clear(), LinkedList
remove(), LinkedList
remove(), LinkedList
listIterator(), LinkedList
addAll(), LinkedList
addAll(), LinkedList
getFirst(), LinkedList
getLast(), LinkedList
removeFirst(), LinkedList
removeLast(), LinkedList
addFirst(), LinkedList
addLast(), LinkedList
hashCode(), List
equals(), List
get(), List
set(), List
indexOf(), List
lastIndexOf(), List
add(), List
add(), List
size(), List
toArray(), List
toArray(), List
contains(), List
clear(), List
remove(), List
remove(), List
isEmpty(), List
iterator(), List
listIterator(), List
listIterator(), List
containsAll(), List
removeAll(), List
addAll(), List
addAll(), List
retainAll(), List
subList(), List
set(), ListIterator
add(), ListIterator
next(), ListIterator
remove(), ListIterator
hasNext(), ListIterator
previousIndex(), ListIterator
nextIndex(), ListIterator
previous(), ListIterator
hasPrevious(), ListIterator
hashCode(), Map
put(), Map
equals(), Map
get(), Map
values(), Map
size(), Map
clear(), Map
remove(), Map
keySet(), Map
entrySet(), Map
putAll(), Map
isEmpty(), Map
containsValue(), Map
containsKey(), Map
hashCode(), Map$Entry
equals(), Map$Entry
getValue(), Map$Entry
getKey(), Map$Entry
setValue(), Map$Entry
setProperty(), Properties
getProperty(), Properties
getProperty(), Properties
load(), Properties
list(), Properties
list(), Properties
save(), Properties
store(), Properties
propertyNames(), Properties
hashCode(), Set
equals(), Set
add(), Set
size(), Set
toArray(), Set
toArray(), Set
contains(), Set
clear(), Set
remove(), Set
isEmpty(), Set
iterator(), Set
containsAll(), Set
removeAll(), Set
addAll(), Set
retainAll(), Set
comparator(), SortedMap
subMap(), SortedMap
headMap(), SortedMap
tailMap(), SortedMap
firstKey(), SortedMap
lastKey(), SortedMap
comparator(), SortedSet
subSet(), SortedSet
headSet(), SortedSet
tailSet(), SortedSet
first(), SortedSet
last(), SortedSet
push(), Stack
pop(), Stack
peek(), Stack
empty(), Stack
search(), Stack
put(), TreeMap
clone(), TreeMap
get(), TreeMap
values(), TreeMap
size(), TreeMap
clear(), TreeMap
remove(), TreeMap
keySet(), TreeMap
entrySet(), TreeMap
putAll(), TreeMap
containsValue(), TreeMap
containsKey(), TreeMap
comparator(), TreeMap
subMap(), TreeMap
headMap(), TreeMap
tailMap(), TreeMap
firstKey(), TreeMap
lastKey(), TreeMap
clone(), TreeSet
add(), TreeSet
size(), TreeSet
contains(), TreeSet
clear(), TreeSet
remove(), TreeSet
isEmpty(), TreeSet
iterator(), TreeSet
addAll(), TreeSet
comparator(), TreeSet
subSet(), TreeSet
headSet(), TreeSet
tailSet(), TreeSet
first(), TreeSet
last(), TreeSet
hashCode(), Vector
equals(), Vector
clone(), Vector
toString(), Vector
get(), Vector
set(), Vector
indexOf(), Vector
indexOf(), Vector
lastIndexOf(), Vector
lastIndexOf(), Vector
add(), Vector
add(), Vector
addElement(), Vector
size(), Vector
toArray(), Vector
toArray(), Vector
elementAt(), Vector
contains(), Vector
copyInto(), Vector
clear(), Vector
remove(), Vector
remove(), Vector
isEmpty(), Vector
elements(), Vector
containsAll(), Vector
removeAll(), Vector
addAll(), Vector
addAll(), Vector
retainAll(), Vector
removeRange(), Vector
subList(), Vector
trimToSize(), Vector
ensureCapacity(), Vector
setSize(), Vector
capacity(), Vector
firstElement(), Vector
lastElement(), Vector
setElementAt(), Vector
removeElementAt(), Vector
insertElementAt(), Vector
removeElement(), Vector
removeAllElements(), Vector
put(), WeakHashMap
get(), WeakHashMap
size(), WeakHashMap
clear(), WeakHashMap
remove(), WeakHashMap
entrySet(), WeakHashMap
isEmpty(), WeakHashMap
containsKey(), WeakHashMap
