#Wed Nov 22 00:49:05 EST 2000
java.runtime.name=Java(TM) 2 Runtime Environment, Standard Edition
sun.boot.library.path=C\:\\Program Files\\JavaSoft\\JRE\\1.3.0_01\\bin
java.vm.version=1.3.0_01
java.vm.vendor=Sun Microsystems Inc.
java.vendor.url=http\://java.sun.com/
path.separator=;
java.vm.name=Java HotSpot(TM) Client VM
file.encoding.pkg=sun.io
java.vm.specification.name=Java Virtual Machine Specification
user.dir=E\:\\cpress\\code\\Ch05
java.runtime.version=1.3.0_01
java.awt.graphicsenv=sun.awt.Win32GraphicsEnvironment
os.arch=x86
java.io.tmpdir=E\:\\TEMP\\WINDOWS\\
line.separator=\r\n
java.vm.specification.vendor=Sun Microsystems Inc.
java.awt.fonts=
os.name=Windows NT
java.library.path=C\:\\WINNT\\system32;.;C\:\\WINNT\\System32;C\:\\WINNT;C\:\\WINNT\\system32;C\:\\WINNT;E\:\\Program Files\\Perforce;E\:\\jdk1.3\\bin;E\:\\UTILS
java.specification.name=Java Platform API Specification
java.class.version=47.0
os.version=4.0
user.home=C\:\\WINNT\\Profiles\\jaz
user.timezone=America/New_York
java.awt.printerjob=sun.awt.windows.WPrinterJob
file.encoding=Cp1252
java.specification.version=1.3
java.class.path=.
user.name=jaz
java.vm.specification.version=1.0
java.home=C\:\\Program Files\\JavaSoft\\JRE\\1.3.0_01
user.language=en
java.specification.vendor=Sun Microsystems Inc.
awt.toolkit=sun.awt.windows.WToolkit
java.vm.info=mixed mode
java.version=1.3.0_01
java.ext.dirs=C\:\\Program Files\\JavaSoft\\JRE\\1.3.0_01\\lib\\ext
sun.boot.class.path=C\:\\Program Files\\JavaSoft\\JRE\\1.3.0_01\\lib\\rt.jar;C\:\\Program Files\\JavaSoft\\JRE\\1.3.0_01\\lib\\i18n.jar;C\:\\Program Files\\JavaSoft\\JRE\\1.3.0_01\\lib\\sunrsasign.jar;C\:\\Program Files\\JavaSoft\\JRE\\1.3.0_01\\classes
java.vendor=Sun Microsystems Inc.
file.separator=\\
java.vendor.url.bug=http\://java.sun.com/cgi-bin/bugreport.cgi
sun.io.unicode.encoding=UnicodeLittle
sun.cpu.endian=little
user.region=US
sun.cpu.isalist=pentium_pro+mmx pentium_pro pentium+mmx pentium i486 i386
